<?xml version="1.0" encoding="UTF-8"?>
<testsuite xmlns:xsi="http://www.w3.org/2001/XMLSchema-instance" xsi:noNamespaceSchemaLocation="https://maven.apache.org/surefire/maven-surefire-plugin/xsd/surefire-test-report-3.0.xsd" version="3.0" name="com.viyangle.study_tour.StudyTourApplicationTests" time="5.29" tests="1" errors="0" skipped="0" failures="0">
  <properties>
[...]
</properties>
  <testcase name="contextLoads" classname="com.viyangle.study_tour.StudyTourApplicationTests" time="1.821">
    <system-out><![CDATA[22:28:40.381 [main] INFO org.springframework.test.context.support.AnnotationConfigContextLoaderUtils -- Could not detect default configuration classes for test class [com.viyangle.study_tour.StudyTourApplicationTests]: StudyTourApplicationTests does not declare any static, non-private, non-final, nested classes annotated with @Configuration.
22:28:40.495 [main] INFO org.springframework.boot.test.context.SpringBootTestContextBootstrapper -- Found @SpringBootConfiguration com.viyangle.study_tour.StudyTourApplication for test class com.viyangle.study_tour.StudyTourApplicationTests

  .   ____          _            __ _ _
 /\\ / ___'_ __ _ _(_)_ __  __ _ \ \ \ \
( ( )\___ | '_ | '_| | '_ \/ _` | \ \ \ \
 \\/  ___)| |_)| | | | | || (_| |  ) ) ) )
  '  |____| .__|_| |_|_| |_\__, | / / / /
 =========|_|==============|___/=/_/_/_/
 :: Spring Boot ::                (v3.2.5)

2026-03-29T22:28:40.943+08:00  INFO 115752 --- [study_tour] [           main] c.v.s.StudyTourApplicationTests          : Starting StudyTourApplicationTests using Java 23.0.2 with PID 115752 (started by 16615 in D:\dachuang\study_tour)
2026-03-29T22:28:40.944+08:00  INFO 115752 --- [study_tour] [           main] c.v.s.StudyTourApplicationTests          : No active profile set, falling back to 1 default profile: "default"
2026-03-29T22:28:41.951+08:00  INFO 115752 --- [study_tour] [           main] c.a.d.s.b.a.DruidDataSourceAutoConfigure : Init DruidDataSource
2026-03-29T22:28:42.185+08:00  INFO 115752 --- [study_tour] [           main] com.alibaba.druid.pool.DruidDataSource   : {dataSource-1} inited
Logging initialized using 'class org.apache.ibatis.logging.stdout.StdOutImpl' adapter.
2026-03-29T22:28:42.787+08:00  WARN 115752 --- [study_tour] [           main] .s.s.UserDetailsServiceAutoConfiguration : 

Using generated security password: 029b9306-dde7-4ca9-a23a-71a1bcf8368f

This generated password is for development use only. Your security configuration must be updated before running your application in production.

2026-03-29T22:28:43.110+08:00  INFO 115752 --- [study_tour] [           main] o.s.s.web.DefaultSecurityFilterChain     : Will secure any request with [org.springframework.security.web.session.DisableEncodeUrlFilter@59262a90, org.springframework.security.web.context.request.async.WebAsyncManagerIntegrationFilter@78479f2b, org.springframework.security.web.context.SecurityContextHolderFilter@13004dd8, org.springframework.security.web.header.HeaderWriterFilter@762a10b6, org.springframework.web.filter.CorsFilter@2755617b, org.springframework.security.web.authentication.logout.LogoutFilter@3e52ed5d, com.viyangle.study_tour.config.JwtAuthFilter@65859b44, org.springframework.security.web.savedrequest.RequestCacheAwareFilter@65d9e72a, org.springframework.security.web.servletapi.SecurityContextHolderAwareRequestFilter@1f7e52d1, org.springframework.security.web.authentication.AnonymousAuthenticationFilter@d9f5fce, org.springframework.security.web.session.SessionManagementFilter@1689527c, org.springframework.security.web.access.ExceptionTranslationFilter@66d3b881, org.springframework.security.web.access.intercept.AuthorizationFilter@3ef3f661]


,------.                           ,--.  ,--.         ,--.                         
|  .--. '  ,--,--.  ,---.   ,---.  |  '--'  |  ,---.  |  |  ,---.   ,---.  ,--.--. 
|  '--' | ' ,-.  | | .-. | | .-. : |  .--.  | | .-. : |  | | .-. | | .-. : |  .--' 
|  | --'  \ '-'  | ' '-' ' \   --. |  |  |  | \   --. |  | | '-' ' \   --. |  |    
`--'       `--`--' .`-  /   `----' `--'  `--'  `----' `--' |  |-'   `----' `--'    
                   `---'                                   `--'                        is intercepting.

2026-03-29T22:28:43.662+08:00  INFO 115752 --- [study_tour] [           main] c.v.s.StudyTourApplicationTests          : Started StudyTourApplicationTests in 3.044 seconds (process running for 4.087)
]]></system-out>
    <system-err><![CDATA[WARNING: A Java agent has been loaded dynamically (C:\Users\16615\.m2\repository\net\bytebuddy\byte-buddy-agent\1.14.13\byte-buddy-agent-1.14.13.jar)
WARNING: If a serviceability tool is in use, please run with -XX:+EnableDynamicAgentLoading to hide this warning
WARNING: If a serviceability tool is not in use, please run with -Djdk.instrument.traceUsage for more information
WARNING: Dynamic loading of agents will be disallowed by default in a future release
]]></system-err>
  </testcase>
</testsuite>