<?xml version="1.0" encoding="UTF-8"?>
<testsuite xmlns:xsi="http://www.w3.org/2001/XMLSchema-instance" xsi:noNamespaceSchemaLocation="https://maven.apache.org/surefire/maven-surefire-plugin/xsd/surefire-test-report-3.0.xsd" version="3.0" name="com.viyangle.study_tour.AuthControllerTest" time="6.542" tests="7" errors="5" skipped="0" failures="1">
  <properties>
[...]
</properties>
  <testcase name="testLoginSuccess" classname="com.viyangle.study_tour.AuthControllerTest" time="1.961">
    <error message="Cannot invoke &quot;com.viyangle.study_tour.pojo.LoginRequest.getPhone()&quot; because &quot;loginRequest&quot; is null" type="java.lang.NullPointerException"><![CDATA[java.lang.NullPointerException: Cannot invoke "com.viyangle.study_tour.pojo.LoginRequest.getPhone()" because "loginRequest" is null
	at com.viyangle.study_tour.service.impl.AccountServiceImpl.login(AccountServiceImpl.java:53)
	at com.viyangle.study_tour.AuthControllerTest.testLoginSuccess(AuthControllerTest.java:102)
	at java.base/java.lang.reflect.Method.invoke(Method.java:580)
	at java.base/java.util.ArrayList.forEach(ArrayList.java:1597)
	at java.base/java.util.ArrayList.forEach(ArrayList.java:1597)
]]></error>
    <system-out><![CDATA[11:46:33.405 [main] INFO org.springframework.test.context.support.AnnotationConfigContextLoaderUtils -- Could not detect default configuration classes for test class [com.viyangle.study_tour.AuthControllerTest]: AuthControllerTest does not declare any static, non-private, non-final, nested classes annotated with @Configuration.
11:46:33.534 [main] INFO org.springframework.boot.test.context.SpringBootTestContextBootstrapper -- Found @SpringBootConfiguration com.viyangle.study_tour.StudyTourApplication for test class com.viyangle.study_tour.AuthControllerTest

  .   ____          _            __ _ _
 /\\ / ___'_ __ _ _(_)_ __  __ _ \ \ \ \
( ( )\___ | '_ | '_| | '_ \/ _` | \ \ \ \
 \\/  ___)| |_)| | | | | || (_| |  ) ) ) )
  '  |____| .__|_| |_|_| |_\__, | / / / /
 =========|_|==============|___/=/_/_/_/
 :: Spring Boot ::                (v3.2.5)

2026-03-17T11:46:34.155+08:00  INFO 105212 --- [study_tour] [           main] c.v.study_tour.AuthControllerTest        : Starting AuthControllerTest using Java 23.0.2 with PID 105212 (started by 16615 in D:\dachuang\study_tour)
2026-03-17T11:46:34.157+08:00  INFO 105212 --- [study_tour] [           main] c.v.study_tour.AuthControllerTest        : No active profile set, falling back to 1 default profile: "default"
2026-03-17T11:46:35.300+08:00  INFO 105212 --- [study_tour] [           main] c.a.d.s.b.a.DruidDataSourceAutoConfigure : Init DruidDataSource
2026-03-17T11:46:35.604+08:00  INFO 105212 --- [study_tour] [           main] com.alibaba.druid.pool.DruidDataSource   : {dataSource-1} inited
Logging initialized using 'class org.apache.ibatis.logging.stdout.StdOutImpl' adapter.


,------.                           ,--.  ,--.         ,--.                         
|  .--. '  ,--,--.  ,---.   ,---.  |  '--'  |  ,---.  |  |  ,---.   ,---.  ,--.--. 
|  '--' | ' ,-.  | | .-. | | .-. : |  .--.  | | .-. : |  | | .-. | | .-. : |  .--' 
|  | --'  \ '-'  | ' '-' ' \   --. |  |  |  | \   --. |  | | '-' ' \   --. |  |    
`--'       `--`--' .`-  /   `----' `--'  `--'  `----' `--' |  |-'   `----' `--'    
                   `---'                                   `--'                        is intercepting.

2026-03-17T11:46:37.040+08:00  WARN 105212 --- [study_tour] [           main] .s.s.UserDetailsServiceAutoConfiguration : 

Using generated security password: b4ec48f3-c9f0-4689-9e83-8c66d8dcfff1

This generated password is for development use only. Your security configuration must be updated before running your application in production.

2026-03-17T11:46:37.223+08:00  INFO 105212 --- [study_tour] [           main] o.s.s.web.DefaultSecurityFilterChain     : Will secure any request with [org.springframework.security.web.session.DisableEncodeUrlFilter@323e026d, org.springframework.security.web.context.request.async.WebAsyncManagerIntegrationFilter@1716c037, org.springframework.security.web.context.SecurityContextHolderFilter@6cd2cb2, org.springframework.security.web.header.HeaderWriterFilter@48ae9e8b, org.springframework.web.filter.CorsFilter@79b63325, org.springframework.security.web.csrf.CsrfFilter@6aa6c17, org.springframework.security.web.authentication.logout.LogoutFilter@60f662bd, org.springframework.security.web.authentication.UsernamePasswordAuthenticationFilter@4f402027, org.springframework.security.web.authentication.ui.DefaultLoginPageGeneratingFilter@79308a2, org.springframework.security.web.authentication.ui.DefaultLogoutPageGeneratingFilter@708769b7, org.springframework.security.web.authentication.www.BasicAuthenticationFilter@1e477944, org.springframework.security.web.savedrequest.RequestCacheAwareFilter@7645e64, org.springframework.security.web.servletapi.SecurityContextHolderAwareRequestFilter@7de6549d, org.springframework.security.web.authentication.AnonymousAuthenticationFilter@32e830a0, org.springframework.security.web.access.ExceptionTranslationFilter@4b343b6d, org.springframework.security.web.access.intercept.AuthorizationFilter@110620d]
2026-03-17T11:46:37.272+08:00  INFO 105212 --- [study_tour] [           main] o.s.b.t.m.w.SpringBootMockServletContext : Initializing Spring TestDispatcherServlet ''
2026-03-17T11:46:37.272+08:00  INFO 105212 --- [study_tour] [           main] o.s.t.web.servlet.TestDispatcherServlet  : Initializing Servlet ''
2026-03-17T11:46:37.273+08:00  INFO 105212 --- [study_tour] [           main] o.s.t.web.servlet.TestDispatcherServlet  : Completed initialization in 1 ms
2026-03-17T11:46:37.350+08:00  INFO 105212 --- [study_tour] [           main] c.v.study_tour.AuthControllerTest        : Started AuthControllerTest in 3.551 seconds (process running for 5.095)
]]></system-out>
    <system-err><![CDATA[WARNING: A Java agent has been loaded dynamically (C:\Users\16615\.m2\repository\net\bytebuddy\byte-buddy-agent\1.14.13\byte-buddy-agent-1.14.13.jar)
WARNING: If a serviceability tool is in use, please run with -XX:+EnableDynamicAgentLoading to hide this warning
WARNING: If a serviceability tool is not in use, please run with -Djdk.instrument.traceUsage for more information
WARNING: Dynamic loading of agents will be disallowed by default in a future release
]]></system-err>
  </testcase>
  <testcase name="testLoginPing" classname="com.viyangle.study_tour.AuthControllerTest" time="0.033">
    <failure message="Status expected:&lt;200&gt; but was:&lt;405&gt;" type="java.lang.AssertionError"><![CDATA[java.lang.AssertionError: Status expected:<200> but was:<405>
	at org.springframework.test.util.AssertionErrors.fail(AssertionErrors.java:59)
	at org.springframework.test.util.AssertionErrors.assertEquals(AssertionErrors.java:122)
	at org.springframework.test.web.servlet.result.StatusResultMatchers.lambda$matcher$9(StatusResultMatchers.java:637)
	at org.springframework.test.web.servlet.MockMvc$1.andExpect(MockMvc.java:214)
	at com.viyangle.study_tour.AuthControllerTest.testLoginPing(AuthControllerTest.java:132)
	at java.base/java.lang.reflect.Method.invoke(Method.java:580)
	at java.base/java.util.ArrayList.forEach(ArrayList.java:1597)
	at java.base/java.util.ArrayList.forEach(ArrayList.java:1597)
]]></failure>
    <system-out><![CDATA[2026-03-17T11:46:39.372+08:00  WARN 105212 --- [study_tour] [           main] .w.s.m.s.DefaultHandlerExceptionResolver : Resolved [org.springframework.web.HttpRequestMethodNotSupportedException: Request method 'POST' is not supported]

MockHttpServletRequest:
      HTTP Method = POST
      Request URI = /login/ping
       Parameters = {}
          Headers = []
             Body = <no character encoding set>
    Session Attrs = {}

Handler:
             Type = null

Async:
    Async started = false
     Async result = null

Resolved Exception:
             Type = org.springframework.web.HttpRequestMethodNotSupportedException

ModelAndView:
        View name = null
             View = null
            Model = null

FlashMap:
       Attributes = null

MockHttpServletResponse:
           Status = 405
    Error message = Method 'POST' is not supported.
          Headers = [Allow:"GET"]
     Content type = null
             Body = 
    Forwarded URL = null
   Redirected URL = null
          Cookies = []
]]></system-out>
  </testcase>
  <testcase name="testLoginFailure" classname="com.viyangle.study_tour.AuthControllerTest" time="0.004">
    <error message="Cannot invoke &quot;com.viyangle.study_tour.pojo.LoginRequest.getPhone()&quot; because &quot;loginRequest&quot; is null" type="java.lang.NullPointerException"><![CDATA[java.lang.NullPointerException: Cannot invoke "com.viyangle.study_tour.pojo.LoginRequest.getPhone()" because "loginRequest" is null
	at com.viyangle.study_tour.service.impl.AccountServiceImpl.login(AccountServiceImpl.java:53)
	at com.viyangle.study_tour.AuthControllerTest.testLoginFailure(AuthControllerTest.java:119)
	at java.base/java.lang.reflect.Method.invoke(Method.java:580)
	at java.base/java.util.ArrayList.forEach(ArrayList.java:1597)
	at java.base/java.util.ArrayList.forEach(ArrayList.java:1597)
]]></error>
  </testcase>
  <testcase name="testRegisterPhoneExists" classname="com.viyangle.study_tour.AuthControllerTest" time="0.003">
    <error message="Cannot invoke &quot;com.viyangle.study_tour.pojo.RegisterRequest.getUsername()&quot; because &quot;registerRequest&quot; is null" type="java.lang.NullPointerException"><![CDATA[java.lang.NullPointerException: Cannot invoke "com.viyangle.study_tour.pojo.RegisterRequest.getUsername()" because "registerRequest" is null
	at com.viyangle.study_tour.service.impl.AccountServiceImpl.register(AccountServiceImpl.java:77)
	at com.viyangle.study_tour.AuthControllerTest.testRegisterPhoneExists(AuthControllerTest.java:70)
	at java.base/java.lang.reflect.Method.invoke(Method.java:580)
	at java.base/java.util.ArrayList.forEach(ArrayList.java:1597)
	at java.base/java.util.ArrayList.forEach(ArrayList.java:1597)
]]></error>
  </testcase>
  <testcase name="testRegisterPasswordMismatch" classname="com.viyangle.study_tour.AuthControllerTest" time="0.156">
    <system-out><![CDATA[2026-03-17T11:46:39.499+08:00  INFO 105212 --- [study_tour] [           main] c.v.s.controller.RegisterController      : 用户注册, 手机号: 13800138000, 用户名: testuser
]]></system-out>
  </testcase>
  <testcase name="testRegisterSuccess" classname="com.viyangle.study_tour.AuthControllerTest" time="0.004">
    <error message="Cannot invoke &quot;com.viyangle.study_tour.pojo.RegisterRequest.getUsername()&quot; because &quot;registerRequest&quot; is null" type="java.lang.NullPointerException"><![CDATA[java.lang.NullPointerException: Cannot invoke "com.viyangle.study_tour.pojo.RegisterRequest.getUsername()" because "registerRequest" is null
	at com.viyangle.study_tour.service.impl.AccountServiceImpl.register(AccountServiceImpl.java:77)
	at com.viyangle.study_tour.AuthControllerTest.testRegisterSuccess(AuthControllerTest.java:44)
	at java.base/java.lang.reflect.Method.invoke(Method.java:580)
	at java.base/java.util.ArrayList.forEach(ArrayList.java:1597)
	at java.base/java.util.ArrayList.forEach(ArrayList.java:1597)
]]></error>
  </testcase>
  <testcase name="testRegisterUsernameExists" classname="com.viyangle.study_tour.AuthControllerTest" time="0.004">
    <error message="Cannot invoke &quot;com.viyangle.study_tour.pojo.RegisterRequest.getUsername()&quot; because &quot;registerRequest&quot; is null" type="java.lang.NullPointerException"><![CDATA[java.lang.NullPointerException: Cannot invoke "com.viyangle.study_tour.pojo.RegisterRequest.getUsername()" because "registerRequest" is null
	at com.viyangle.study_tour.service.impl.AccountServiceImpl.register(AccountServiceImpl.java:77)
	at com.viyangle.study_tour.AuthControllerTest.testRegisterUsernameExists(AuthControllerTest.java:84)
	at java.base/java.lang.reflect.Method.invoke(Method.java:580)
	at java.base/java.util.ArrayList.forEach(ArrayList.java:1597)
	at java.base/java.util.ArrayList.forEach(ArrayList.java:1597)
]]></error>
  </testcase>
</testsuite>